# JRE version: OpenJDK Runtime Environment (11.0.12+7) (build 11.0.12+7-b1504.28-7817840)
# Java VM: OpenJDK 64-Bit Server VM (11.0.12+7-b1504.28-7817840, mixed mode, tiered, compressed oops, g1 gc, windows-amd64)
Heap:
 garbage-first heap   total 661504K, used 285100K [0x0000000080000000, 0x0000000100000000)
  region size 1024K, 3 young (3072K), 3 survivors (3072K)
 Metaspace       used 147751K, capacity 151831K, committed 156032K, reserved 1183744K
  class space    used 18425K, capacity 19995K, committed 20864K, reserved 1048576K
GC Heap History (20 events):
Event: 4471.422 GC heap after
{Heap after GC invocations=224 (full 0):
 garbage-first heap   total 454656K, used 239567K [0x0000000080000000, 0x0000000100000000)
  region size 1024K, 3 young (3072K), 3 survivors (3072K)
 Metaspace       used 149947K, capacity 154135K, committed 156032K, reserved 1183744K
  class space    used 18733K, capacity 20359K, committed 20864K, reserved 1048576K
}
Event: 4472.801 GC heap before
{Heap before GC invocations=225 (full 0):
 garbage-first heap   total 454656K, used 259023K [0x0000000080000000, 0x0000000100000000)
  region size 1024K, 22 young (22528K), 3 survivors (3072K)
 Metaspace       used 147665K, capacity 151748K, committed 156032K, reserved 1183744K
  class space    used 18425K, capacity 19995K, committed 20864K, reserved 1048576K
}
Event: 4472.849 GC heap after
{Heap after GC invocations=226 (full 0):
 garbage-first heap   total 454656K, used 250292K [0x0000000080000000, 0x0000000100000000)
  region size 1024K, 3 young (3072K), 3 survivors (3072K)
 Metaspace       used 147665K, capacity 151748K, committed 156032K, reserved 1183744K
  class space    used 18425K, capacity 19995K, committed 20864K, reserved 1048576K
}
Event: 4473.053 GC heap before
{Heap before GC invocations=226 (full 0):
 garbage-first heap   total 454656K, used 268724K [0x0000000080000000, 0x0000000100000000)
  region size 1024K, 22 young (22528K), 3 survivors (3072K)
 Metaspace       used 147666K, capacity 151748K, committed 156032K, reserved 1183744K
  class space    used 18425K, capacity 19995K, committed 20864K, reserved 1048576K
}
Event: 4473.109 GC heap after
{Heap after GC invocations=227 (full 0):
 garbage-first heap   total 454656K, used 252390K [0x0000000080000000, 0x0000000100000000)
  region size 1024K, 3 young (3072K), 3 survivors (3072K)
 Metaspace       used 147666K, capacity 151748K, committed 156032K, reserved 1183744K
  class space    used 18425K, capacity 19995K, committed 20864K, reserved 1048576K
}
Event: 4473.244 GC heap before
{Heap before GC invocations=227 (full 0):
 garbage-first heap   total 454656K, used 271846K [0x0000000080000000, 0x0000000100000000)
  region size 1024K, 22 young (22528K), 3 survivors (3072K)
 Metaspace       used 147666K, capacity 151748K, committed 156032K, reserved 1183744K
  class space    used 18425K, capacity 19995K, committed 20864K, reserved 1048576K
}
Event: 4473.290 GC heap after
{Heap after GC invocations=228 (full 0):
 garbage-first heap   total 454656K, used 259584K [0x0000000080000000, 0x0000000100000000)
  region size 1024K, 3 young (3072K), 3 survivors (3072K)
 Metaspace       used 147666K, capacity 151748K, committed 156032K, reserved 1183744K
  class space    used 18425K, capacity 19995K, committed 20864K, reserved 1048576K
}
Event: 4473.478 GC heap before
{Heap before GC invocations=228 (full 0):
 garbage-first heap   total 454656K, used 279040K [0x0000000080000000, 0x0000000100000000)
  region size 1024K, 22 young (22528K), 3 survivors (3072K)
 Metaspace       used 147666K, capacity 151748K, committed 156032K, reserved 1183744K
  class space    used 18425K, capacity 19995K, committed 20864K, reserved 1048576K
}
Event: 4473.520 GC heap after
{Heap after GC invocations=229 (full 0):
 garbage-first heap   total 454656K, used 270848K [0x0000000080000000, 0x0000000100000000)
  region size 1024K, 3 young (3072K), 3 survivors (3072K)
 Metaspace       used 147666K, capacity 151748K, committed 156032K, reserved 1183744K
  class space    used 18425K, capacity 19995K, committed 20864K, reserved 1048576K
}
Event: 4475.059 GC heap before
{Heap before GC invocations=230 (full 0):
 garbage-first heap   total 454656K, used 321024K [0x0000000080000000, 0x0000000100000000)
  region size 1024K, 53 young (54272K), 3 survivors (3072K)
 Metaspace       used 147683K, capacity 151751K, committed 156032K, reserved 1183744K
  class space    used 18425K, capacity 19995K, committed 20864K, reserved 1048576K
}
Event: 4475.145 GC heap after
{Heap after GC invocations=231 (full 0):
 garbage-first heap   total 454656K, used 291840K [0x0000000080000000, 0x0000000100000000)
  region size 1024K, 7 young (7168K), 7 survivors (7168K)
 Metaspace       used 147683K, capacity 151751K, committed 156032K, reserved 1183744K
  class space    used 18425K, capacity 19995K, committed 20864K, reserved 1048576K
}
Event: 4475.566 GC heap before
{Heap before GC invocations=231 (full 0):
 garbage-first heap   total 454656K, used 306176K [0x0000000080000000, 0x0000000100000000)
  region size 1024K, 22 young (22528K), 7 survivors (7168K)
 Metaspace       used 147727K, capacity 151823K, committed 156032K, reserved 1183744K
  class space    used 18425K, capacity 19995K, committed 20864K, reserved 1048576K
}
Event: 4475.639 GC heap after
{Heap after GC invocations=232 (full 0):
 garbage-first heap   total 454656K, used 289467K [0x0000000080000000, 0x0000000100000000)
  region size 1024K, 2 young (2048K), 2 survivors (2048K)
 Metaspace       used 147727K, capacity 151823K, committed 156032K, reserved 1183744K
  class space    used 18425K, capacity 19995K, committed 20864K, reserved 1048576K
}
Event: 4477.111 GC heap before
{Heap before GC invocations=232 (full 0):
 garbage-first heap   total 454656K, used 325307K [0x0000000080000000, 0x0000000100000000)
  region size 1024K, 38 young (38912K), 2 survivors (2048K)
 Metaspace       used 147742K, capacity 151831K, committed 156032K, reserved 1183744K
  class space    used 18425K, capacity 19995K, committed 20864K, reserved 1048576K
}
Event: 4477.132 GC heap after
{Heap after GC invocations=233 (full 0):
 garbage-first heap   total 454656K, used 294912K [0x0000000080000000, 0x0000000100000000)
  region size 1024K, 5 young (5120K), 5 survivors (5120K)
 Metaspace       used 147742K, capacity 151831K, committed 156032K, reserved 1183744K
  class space    used 18425K, capacity 19995K, committed 20864K, reserved 1048576K
}
Event: 4478.710 GC heap before
{Heap before GC invocations=234 (full 0):
 garbage-first heap   total 454656K, used 315392K [0x0000000080000000, 0x0000000100000000)
  region size 1024K, 35 young (35840K), 5 survivors (5120K)
 Metaspace       used 147746K, capacity 151831K, committed 156032K, reserved 1183744K
  class space    used 18425K, capacity 19995K, committed 20864K, reserved 1048576K
}
Event: 4478.744 GC heap after
{Heap after GC invocations=235 (full 0):
 garbage-first heap   total 454656K, used 287478K [0x0000000080000000, 0x0000000100000000)
  region size 1024K, 3 young (3072K), 3 survivors (3072K)
 Metaspace       used 147746K, capacity 151831K, committed 156032K, reserved 1183744K
  class space    used 18425K, capacity 19995K, committed 20864K, reserved 1048576K
}
Event: 4480.031 GC heap before
{Heap before GC invocations=235 (full 0):
 garbage-first heap   total 454656K, used 311030K [0x0000000080000000, 0x0000000100000000)
  region size 1024K, 22 young (22528K), 3 survivors (3072K)
 Metaspace       used 147750K, capacity 151831K, committed 156032K, reserved 1183744K
  class space    used 18425K, capacity 19995K, committed 20864K, reserved 1048576K
}
Event: 4480.094 GC heap after
{Heap after GC invocations=236 (full 0):
 garbage-first heap   total 454656K, used 284327K [0x0000000080000000, 0x0000000100000000)
  region size 1024K, 3 young (3072K), 3 survivors (3072K)
 Metaspace       used 147750K, capacity 151831K, committed 156032K, reserved 1183744K
  class space    used 18425K, capacity 19995K, committed 20864K, reserved 1048576K
}
Event: 4480.577 GC heap before
{Heap before GC invocations=236 (full 0):
 garbage-first heap   total 454656K, used 305831K [0x0000000080000000, 0x0000000100000000)
  region size 1024K, 22 young (22528K), 3 survivors (3072K)
 Metaspace       used 147751K, capacity 151831K, committed 156032K, reserved 1183744K
  class space    used 18425K, capacity 19995K, committed 20864K, reserved 1048576K
}

